
Copyright (C) 1994-2020 Synopsys, Inc.
This Synopsys software and all associated documentation are proprietary to Synopsys, Inc.
and may only be used pursuant to the terms and conditions of a written license agreement
with Synopsys, Inc. All other use, reproduction, modification, or distribution of the
Synopsys software or the associated documentation is strictly prohibited.
Tool: Synplify Pro (R)
Build: Q-2020.03M-SP1
Install: J:\LiberoSoC\SynplifyPro
OS: Windows 6.2

Hostname: LUS210

Implementation : synthesis

# Written on Sat Feb 13 10:00:04 2021

##### DESIGN INFO #######################################################

Top View:                "sb"
Constraint File(s):      "C:\Users\jl\source\repos\Smartfusion2 Tinker\hermess\designer\sb\synthesis.fdc"




##### SUMMARY ############################################################

Found 0 issues in 0 out of 0 constraints


##### DETAILS ############################################################



Clock Relationships
*******************

Starting                                    Ending                                      |     rise to rise     |     fall to fall     |     rise to fall     |     fall to rise                     
---------------------------------------------------------------------------------------------------------------------------------------------------------------------------------------------------
System                                      System                                      |     10.000           |     No paths         |     No paths         |     No paths                         
sb_sb_CCC_0_FCCC|GL0_net_inferred_clock     sb_sb_CCC_0_FCCC|GL0_net_inferred_clock     |     10.000           |     No paths         |     No paths         |     No paths                         
===================================================================================================================================================================================================
 Note: 'No paths' indicates there are no paths in the design for that pair of clock edges.
       'Diff grp' indicates that paths exist but the starting clock and ending clock are in different clock groups.


Unconstrained Start/End Points
******************************

p:DAPI_RX
p:DAPI_TX
p:DEVRST_N
p:LED_HEARTBEAT
p:LED_RECORDING
p:SODS
p:SPI_DATASTORAGE_CLK (bidir end point)
p:SPI_DATASTORAGE_CLK (bidir start point)
p:SPI_DATASTORAGE_DI
p:SPI_DATASTORAGE_DO
p:SPI_DATASTORAGE_SS0 (bidir end point)
p:SPI_DATASTORAGE_SS0 (bidir start point)
p:TM_RX
p:TM_TX
p:ready_dms1
p:ready_dms2
p:ready_temp
p:spi_clock
p:spi_dms1_cs
p:spi_dms2_cs
p:spi_miso
p:spi_mosi
p:spi_temp_cs


Inapplicable constraints
************************

(none)


Applicable constraints with issues
**********************************

(none)


Constraints with matching wildcard expressions
**********************************************

(none)


Library Report
**************


# End of Constraint Checker Report
