
Copyright (C) 1994-2021 Synopsys, Inc.
This Synopsys software and all associated documentation are proprietary to Synopsys, Inc.
and may only be used pursuant to the terms and conditions of a written license agreement
with Synopsys, Inc. All other use, reproduction, modification, or distribution of the
Synopsys software or the associated documentation is strictly prohibited.
Tool: Synplify Pro (R)
Build: R-2021.03M
Install: C:\Microsemi\Libero_SoC_v2021.2\SynplifyPro
OS: Windows 6.2

Hostname: DESKTOP-NH8R733

Implementation : synthesis

# Written on Mon Feb 14 21:51:20 2022

##### FILES SYNTAX CHECKED ##############################################
Constraint File(s):      "B:\HERMESS_SPSoftware\Microcontroller\designer\sb\synthesis.fdc"

#Run constraint checker to find more issues with constraints.
#########################################################################



No issues found in constraint syntax.



Clock Summary
*************

          Start                                       Requested     Requested     Clock        Clock                   Clock
Level     Clock                                       Frequency     Period        Type         Group                   Load 
----------------------------------------------------------------------------------------------------------------------------
0 -       System                                      100.0 MHz     10.000        system       system_clkgroup         0    
                                                                                                                            
0 -       sb_sb_CCC_0_FCCC|GL0_net_inferred_clock     100.0 MHz     10.000        inferred     Inferred_clkgroup_0     4236 
============================================================================================================================


Clock Load Summary
******************

                                            Clock     Source                              Clock Pin                Non-clock Pin     Non-clock Pin                 
Clock                                       Load      Pin                                 Seq Example              Seq Example       Comb Example                  
-------------------------------------------------------------------------------------------------------------------------------------------------------------------
System                                      0         -                                   -                        -                 -                             
                                                                                                                                                                   
sb_sb_CCC_0_FCCC|GL0_net_inferred_clock     4236      sb_sb_0.CCC_0.CCC_INST.GL0(CCC)     telemetry_0.PREADY.C     -                 sb_sb_0.CCC_0.GL0_INST.I(BUFG)
===================================================================================================================================================================
