
Starting:    J:\LiberoSoC\SynplifyPro\bin64\mbin\synplify.exe
Install:     J:\LiberoSoC\SynplifyPro
Hostname:    LUS210
Date:        Sat Feb 13 09:45:34 2021
Version:     Q-2020.03M-SP1

Arguments:   -product synplify_pro sb_syn.tcl
ProductType: synplify_pro

License checkout: synplifypro_actel
License: synplifypro_actel node-locked 
Licensed Vendor: actel
License Option: actel_oem



auto_infer_blackbox is not supported in current product.
TCL script complete: "sb_syn.tcl"
log file: "C:\Users\jl\source\repos\Smartfusion2 Tinker\hermess\synthesis\sb.srr"
Running: synthesis in foreground

Running sb_syn|synthesis

Running Flow: compile (Compile) on sb_syn|synthesis
# Sat Feb 13 09:46:20 2021

Running Flow: compile_flow (Compile Process) on sb_syn|synthesis
# Sat Feb 13 09:46:20 2021

Running: compiler (Compile Input) on sb_syn|synthesis
# Sat Feb 13 09:46:20 2021

compiler completed
# Sat Feb 13 09:46:21 2021

Return Code: 0
Run Time:00h:00m:01s

Running: multi_srs_gen (Multi-srs Generator) on sb_syn|synthesis
# Sat Feb 13 09:46:21 2021
Up-To-Date: multi_srs_gen. No run necessary
Complete: Compile Process on sb_syn|synthesis

Running: premap (Premap) on sb_syn|synthesis
# Sat Feb 13 09:46:21 2021

premap completed with warnings
# Sat Feb 13 09:46:22 2021

Return Code: 1
Run Time:00h:00m:01s
Complete: Compile on sb_syn|synthesis

Running Flow: map (Map) on sb_syn|synthesis
# Sat Feb 13 09:46:22 2021
License granted for 4 parallel jobs

Running: fpga_mapper (Map & Optimize) on sb_syn|synthesis
# Sat Feb 13 09:46:22 2021
Copied C:\Users\jl\source\repos\Smartfusion2 Tinker\hermess\synthesis\synwork\sb_m.srm to C:\Users\jl\source\repos\Smartfusion2 Tinker\hermess\synthesis\sb.srm

fpga_mapper completed with warnings
# Sat Feb 13 09:46:25 2021

Return Code: 1
Run Time:00h:00m:03s
Complete: Map on sb_syn|synthesis
Complete: Logic Synthesis on sb_syn|synthesis
0log file: "C:\Users\jl\source\repos\Smartfusion2 Tinker\hermess\synthesis\sb.srr"
Running: synthesis_check in foreground

Running HDL synthesis check...

synthesis_check completed
# Sat Feb 13 09:48:09 2021

Return Code: 0
Run Time:00h:00m:03s
0exit status=0
License checkin: synplifypro_actel
