
Starting:    D:\Programme\LiberoSoCv12.6\SynplifyPro\bin64\mbin\synbatch.exe
Install:     D:\Programme\LiberoSoCv12.6\SynplifyPro
Hostname:    BND01
Date:        Wed Jun 23 22:06:17 2021
Version:     Q-2020.03M-SP1

Arguments:   -product synplify_pro -licensetype synplifypro_actel -batch -log synplify.log sb_syn.tcl
ProductType: synplify_pro

License checkout: synplifypro_actel
License: synplifypro_actel node-locked 
Licensed Vendor: actel
License Option: actel_oem

Running in Vendor Mode

auto_infer_blackbox is not supported in current product.
log file: "D:\HERMESS_SPSoftware\Microcontroller\synthesis\sb.srr"
Running: synthesis in foreground

Running sb_syn|synthesis

Running Flow: compile (Compile) on sb_syn|synthesis
# Wed Jun 23 22:06:18 2021

Running Flow: compile_flow (Compile Process) on sb_syn|synthesis
# Wed Jun 23 22:06:18 2021

Running: compiler (Compile Input) on sb_syn|synthesis
# Wed Jun 23 22:06:18 2021
Copied D:\HERMESS_SPSoftware\Microcontroller\synthesis\synwork\sb_comp.srs to D:\HERMESS_SPSoftware\Microcontroller\synthesis\sb.srs

compiler completed
# Wed Jun 23 22:06:33 2021

Return Code: 0
Run Time:00h:00m:15s

Running: multi_srs_gen (Multi-srs Generator) on sb_syn|synthesis
# Wed Jun 23 22:06:33 2021

multi_srs_gen completed
# Wed Jun 23 22:06:33 2021

Return Code: 0
Run Time:00h:00m:00s
Copied D:\HERMESS_SPSoftware\Microcontroller\synthesis\synwork\sb_mult.srs to D:\HERMESS_SPSoftware\Microcontroller\synthesis\sb.srs
Complete: Compile Process on sb_syn|synthesis

Running: premap (Premap) on sb_syn|synthesis
# Wed Jun 23 22:06:33 2021

premap completed with warnings
# Wed Jun 23 22:06:37 2021

Return Code: 1
Run Time:00h:00m:04s
Complete: Compile on sb_syn|synthesis

Running Flow: map (Map) on sb_syn|synthesis
# Wed Jun 23 22:06:37 2021
License granted for 4 parallel jobs

Running: fpga_mapper (Map & Optimize) on sb_syn|synthesis
# Wed Jun 23 22:06:37 2021
Copied D:\HERMESS_SPSoftware\Microcontroller\synthesis\synwork\sb_m.srm to D:\HERMESS_SPSoftware\Microcontroller\synthesis\sb.srm

fpga_mapper completed with warnings
# Wed Jun 23 22:07:02 2021

Return Code: 1
Run Time:00h:00m:25s
Complete: Map on sb_syn|synthesis
Complete: Logic Synthesis on sb_syn|synthesis
TCL script complete: "sb_syn.tcl"
exit status=0
exit status=0
License checkin: synplifypro_actel
