C:\Microsemi\Libero_SoC_v2021.2\SynplifyPro\bin64\c_hdl.exe  -osyn  B:\HERMESS_SPSoftware\Microcontroller\synthesis\synwork\sb_comp.srs  -top  work.sb  -hdllog  B:\HERMESS_SPSoftware\Microcontroller\synthesis\synlog\sb_compiler.srr  -encrypt  -mp  4  -verification_mode 0 -rtl_xmr_naming  -vhdl  -prodtype  synplify_pro   -infer_seqShift -primux -dspmac -pqdpadd -fixsmult -sdff_counter -divnmod -nram  -actel  -encrypt  -pro  -dmgen  B:\HERMESS_SPSoftware\Microcontroller\synthesis\dm  -lite -ui -fid2 -ram -sharing on -ll 2000 -autosm  -vhdl2008  -ignore_undefined_lib  -lib work B:\HERMESS_SPSoftware\Microcontroller\hdl\Timestamp.vhd -lib work B:\HERMESS_SPSoftware\Microcontroller\hdl\MemorySynchronizer.vhd -lib work B:\HERMESS_SPSoftware\Microcontroller\hdl\spi_master.vhd -lib work B:\HERMESS_SPSoftware\Microcontroller\hdl\STAMP.vhd -lib COREAPB3_LIB B:\HERMESS_SPSoftware\Microcontroller\component\Actel\DirectCore\CoreAPB3\4.1.100\rtl\vhdl\core\coreapb3_muxptob3.vhd -lib COREAPB3_LIB B:\HERMESS_SPSoftware\Microcontroller\component\Actel\DirectCore\CoreAPB3\4.1.100\rtl\vhdl\core\coreapb3_iaddr_reg.vhd -lib COREAPB3_LIB B:\HERMESS_SPSoftware\Microcontroller\component\Actel\DirectCore\CoreAPB3\4.1.100\rtl\vhdl\core\coreapb3.vhd -lib work B:\HERMESS_SPSoftware\Microcontroller\component\Actel\DirectCore\CoreResetP\7.1.100\rtl\vhdl\core\coreresetp_pcie_hotreset.vhd -lib work B:\HERMESS_SPSoftware\Microcontroller\component\Actel\DirectCore\CoreResetP\7.1.100\rtl\vhdl\core\coreresetp.vhd -lib work B:\HERMESS_SPSoftware\Microcontroller\component\work\sb_sb\CCC_0\sb_sb_CCC_0_FCCC.vhd -lib work B:\HERMESS_SPSoftware\Microcontroller\component\Actel\SgCore\OSC\2.0.101\osc_comps.vhd -lib work B:\HERMESS_SPSoftware\Microcontroller\component\work\sb_sb\FABOSC_0\sb_sb_FABOSC_0_OSC.vhd -lib work B:\HERMESS_SPSoftware\Microcontroller\component\work\sb_sb_MSS\sb_sb_MSS_syn.vhd -lib work B:\HERMESS_SPSoftware\Microcontroller\component\work\sb_sb_MSS\sb_sb_MSS.vhd -lib COREAPB3_LIB B:\HERMESS_SPSoftware\Microcontroller\component\Actel\DirectCore\CoreAPB3\4.1.100\rtl\vhdl\core\components.vhd -lib work B:\HERMESS_SPSoftware\Microcontroller\component\work\sb_sb\sb_sb.vhd -lib work B:\HERMESS_SPSoftware\Microcontroller\hdl\UART_RX.vhd -lib work B:\HERMESS_SPSoftware\Microcontroller\hdl\UART_TX.vhd -lib HERMESS_TELEMETRY B:\HERMESS_SPSoftware\Microcontroller\hdl\telemetry.vhd -lib work B:\HERMESS_SPSoftware\Microcontroller\component\work\sb\sb.vhd  -jobname  "compiler" 
relcom:C:\Microsemi\Libero_SoC_v2021.2\SynplifyPro\bin64\c_hdl.exe -osyn ..\synwork\sb_comp.srs -top work.sb -hdllog ..\synlog\sb_compiler.srr -encrypt -mp 4 -verification_mode 0 -rtl_xmr_naming -vhdl -prodtype synplify_pro -infer_seqShift -primux -dspmac -pqdpadd -fixsmult -sdff_counter -divnmod -nram -actel -encrypt -pro -dmgen ..\dm -lite -ui -fid2 -ram -sharing on -ll 2000 -autosm -vhdl2008 -ignore_undefined_lib -lib work ..\..\hdl\Timestamp.vhd -lib work ..\..\hdl\MemorySynchronizer.vhd -lib work ..\..\hdl\spi_master.vhd -lib work ..\..\hdl\STAMP.vhd -lib COREAPB3_LIB ..\..\component\Actel\DirectCore\CoreAPB3\4.1.100\rtl\vhdl\core\coreapb3_muxptob3.vhd -lib COREAPB3_LIB ..\..\component\Actel\DirectCore\CoreAPB3\4.1.100\rtl\vhdl\core\coreapb3_iaddr_reg.vhd -lib COREAPB3_LIB ..\..\component\Actel\DirectCore\CoreAPB3\4.1.100\rtl\vhdl\core\coreapb3.vhd -lib work ..\..\component\Actel\DirectCore\CoreResetP\7.1.100\rtl\vhdl\core\coreresetp_pcie_hotreset.vhd -lib work ..\..\component\Actel\DirectCore\CoreResetP\7.1.100\rtl\vhdl\core\coreresetp.vhd -lib work ..\..\component\work\sb_sb\CCC_0\sb_sb_CCC_0_FCCC.vhd -lib work ..\..\component\Actel\SgCore\OSC\2.0.101\osc_comps.vhd -lib work ..\..\component\work\sb_sb\FABOSC_0\sb_sb_FABOSC_0_OSC.vhd -lib work ..\..\component\work\sb_sb_MSS\sb_sb_MSS_syn.vhd -lib work ..\..\component\work\sb_sb_MSS\sb_sb_MSS.vhd -lib COREAPB3_LIB ..\..\component\Actel\DirectCore\CoreAPB3\4.1.100\rtl\vhdl\core\components.vhd -lib work ..\..\component\work\sb_sb\sb_sb.vhd -lib work ..\..\hdl\UART_RX.vhd -lib work ..\..\hdl\UART_TX.vhd -lib HERMESS_TELEMETRY ..\..\hdl\telemetry.vhd -lib work ..\..\component\work\sb\sb.vhd -jobname "compiler"
rc:0 success:1 runtime:14
file:..\synwork\sb_comp.srs|io:o|time:1644871878|size:141959|exec:0|csum:
file:..\synlog\sb_compiler.srr|io:o|time:1644871878|size:66763|exec:0|csum:
file:..\..\hdl\Timestamp.vhd|io:i|time:1626423269|size:1895|exec:0|csum:BBF1E614E7084EAD9A38C707534FFED3
file:..\..\hdl\MemorySynchronizer.vhd|io:i|time:1638127441|size:30037|exec:0|csum:4830C14B62A5392DC12AFDFCE26A00DE
file:..\..\hdl\spi_master.vhd|io:i|time:1620292468|size:9029|exec:0|csum:7772C5F7B80CB2EAD7D37168D1B98137
file:..\..\hdl\STAMP.vhd|io:i|time:1638124345|size:21495|exec:0|csum:76989E61182A05D7FBC8A972E567645C
file:..\..\component\Actel\DirectCore\CoreAPB3\4.1.100\rtl\vhdl\core\coreapb3_muxptob3.vhd|io:i|time:1640694197|size:9523|exec:0|csum:FAF76B5BC1C358A33FB6D0F1CC38FF3E
file:..\..\component\Actel\DirectCore\CoreAPB3\4.1.100\rtl\vhdl\core\coreapb3_iaddr_reg.vhd|io:i|time:1640694197|size:5757|exec:0|csum:1329FE60946E6F2780BAEFC700A17B5D
file:..\..\component\Actel\DirectCore\CoreAPB3\4.1.100\rtl\vhdl\core\coreapb3.vhd|io:i|time:1640694197|size:78851|exec:0|csum:0592E415E307DDBC87225533EC51ACEE
file:..\..\component\Actel\DirectCore\CoreResetP\7.1.100\rtl\vhdl\core\coreresetp_pcie_hotreset.vhd|io:i|time:1640694197|size:9297|exec:0|csum:2F5AE76B5ACAE1B72D4619B1616D0509
file:..\..\component\Actel\DirectCore\CoreResetP\7.1.100\rtl\vhdl\core\coreresetp.vhd|io:i|time:1640694197|size:75054|exec:0|csum:C4BEE222936686214D9DC1E1AEC9A733
file:..\..\component\work\sb_sb\CCC_0\sb_sb_CCC_0_FCCC.vhd|io:i|time:1644871400|size:5557|exec:0|csum:B4FCBFB00EB545E2623961C588098D2D
file:..\..\component\Actel\SgCore\OSC\2.0.101\osc_comps.vhd|io:i|time:1640694198|size:2270|exec:0|csum:8D05F14FA33F073688EF7184D520D894
file:..\..\component\work\sb_sb\FABOSC_0\sb_sb_FABOSC_0_OSC.vhd|io:i|time:1644871402|size:1565|exec:0|csum:1D55082284181BE0FF0F975B43A188DB
file:..\..\component\work\sb_sb_MSS\sb_sb_MSS_syn.vhd|io:i|time:1644871396|size:70868|exec:0|csum:62673D02B772E03DC08AE100C54E94B6
file:..\..\component\work\sb_sb_MSS\sb_sb_MSS.vhd|io:i|time:1644871396|size:84595|exec:0|csum:C282FD061BBEB3E470233E03D9A68CC1
file:..\..\component\Actel\DirectCore\CoreAPB3\4.1.100\rtl\vhdl\core\components.vhd|io:i|time:1640694197|size:6172|exec:0|csum:D37290CCF4610A58D6E5C5C506A42FC6
file:..\..\component\work\sb_sb\sb_sb.vhd|io:i|time:1644871402|size:49228|exec:0|csum:78B4CEB630EBF2E611428910D8E32EE6
file:..\..\hdl\UART_RX.vhd|io:i|time:1642700230|size:3379|exec:0|csum:043E8CC731F0627C74DEB5A77F74A01A
file:..\..\hdl\UART_TX.vhd|io:i|time:1642700909|size:3348|exec:0|csum:714FB82FF1C66A7D4A089AF5AE743494
file:..\..\hdl\telemetry.vhd|io:i|time:1644866786|size:15792|exec:0|csum:98FBA75467584D2CFCA302A7B4417895
file:..\..\component\work\sb\sb.vhd|io:i|time:1644871849|size:44972|exec:0|csum:64317EA4CEC9FCB987D3A2EF48B4DE7A
file:C:\Microsemi\Libero_SoC_v2021.2\SynplifyPro\bin64\c_hdl.exe|io:i|time:1626183374|size:5754368|exec:1|csum:4CBC74B8C10FA7C8205968F897645197
