********************************************************************
I/O Bank Report - Date: Sat May  8 20:38:56 2021
Product: Designer
Release: v12.6
Version: 12.900.20.24
Design Name: sb
Family: SmartFusion2
Die: M2S010
Package: 400 VF
********************************************************************


I/O Function:

    Type                                  | w/o register  | w/ register  | w/ DDR register
    --------------------------------------|---------------|--------------|----------------
    Input I/O                             | 10            | 0            | 0
    Output I/O                            | 17            | 0            | 0
    Bidirectional I/O                     | 0             | 0            | 0
    Differential Input I/O Pairs          | 0             | 0            | 0
    Differential Output I/O Pairs         | 0             | 0            | 0

I/O Technology:

                                    |   Voltages    |             I/Os              
    --------------------------------|-------|-------|-------|--------|--------------
    I/O Standard(s)                 | Vddi  | Vref  | Input | Output | Bidirectional
    --------------------------------|-------|-------|-------|--------|--------------
    LVCMOS33                        | 3.30v | N/A   | 10    | 17     | 0            

I/O Bank Resource Usage:

          |   Voltages    | Single I/Os  | Diff I/O Pairs |        Vref I/Os        |  Type   
          |-------|-------|------|-------|-------|--------|------|-------|----------|---------
          | Vddi  | Vref  | Used | Total | Used  | Total  | Used | Total | Vref Pins|         
    ------|-------|-------|------|-------|-------|--------|------|-------|----------|---------
    Bank0 | N/A   | N/A   | 0    | 64    | 0     | 32     | N/A  | N/A   | N/A      | DDRIO   
    Bank1 | 3.30v | N/A   | 7    | 15    | 0     | 7      | N/A  | N/A   | N/A      | MSIO    
    Bank2 | 3.30v | N/A   | 19   | 38    | 0     | 19     | N/A  | N/A   | N/A      | MSIO    
    Bank3 | N/A   | N/A   | 0    | 0     | 0     | 0      | N/A  | N/A   | N/A      | JTAG    
    Bank4 | N/A   | N/A   | 0    | 24    | 0     | 12     | N/A  | N/A   | N/A      | MSIO    
    Bank5 | N/A   | N/A   | 0    | 4     | 0     | 2      | N/A  | N/A   | N/A      | MSIOD   
    Bank6 | N/A   | N/A   | 0    | 28    | 0     | 14     | N/A  | N/A   | N/A      | MSIOD   
    Bank7 | 3.30v | N/A   | 1    | 22    | 0     | 11     | N/A  | N/A   | N/A      | MSIO    

I/O Voltage Usage:

       Voltages    |     I/Os     
    -------|-------|------|-------
     Vddi  | Vref  | Used | Total 
    -------|-------|------|-------
     3.30v | N/A   | 27   | 75    

