----------------------------------------------------------------
-Pin Report - Date: Fri Mar  5 23:25:07 2021 Pinchecksum: NOT-AVAILABLE
-Product: Designer
-Release: v12.6
-Version: 12.900.20.24
-Design Name: sb
-Family: SmartFusion2
-Die: M2S010
-Package: 400 VF
-----------------------------------------------------------------

Port                |Pin |Fixed |Function                                               |Bank     |I/O Std   |Direction                      |I/O state in Flash*Freeze mode |Resistor Pull                      |I/O available in Flash*Freeze mode |Schmitt Trigger |Odt_Static    |Odt Imp (Ohm)  |Low Power Exit |Input Delay |Slew         |Pre-Emphasis      |Output Drive (mA) |Output Load (pF) |
--------------------|----|------|-------------------------------------------------------|---------|----------|-------------------------------|-------------------------------|-----------------------------------|-----------------------------------|----------------|--------------|---------------|---------------|------------|-------------|------------------|------------------|-----------------|
adc_start            R15  Yes    MSIO7NB2/CAN_TX/GPIO_2_A/USB_DATA0_A                    Bank2     LVCMOS33   Output                          TRISTATE                        None                                No                                  ---              ---            ---             ---             ---          ---           ---                4                  5                 
DAPI_RX              C19  Yes    MSIO27PB1/MMUART_0_RXD/GPIO_28_B/USB_STP_C              Bank1     LVCMOS33   Input                           TRISTATE                        None                                No                                  Off              ---            ---             Off             Off          ---           ---                ---                ---               
DAPI_TX              D18  Yes    MSI26NB1/MMUART_0_TXD/GPIO_27_B/USB_DIR_C               Bank1     LVCMOS33   Output                          TRISTATE                        None                                No                                  ---              ---            ---             ---             ---          ---           ---                4                  5                 
debug_led            D2   Yes    MSIO68PB7                                               Bank7     LVCMOS33   Output                          TRISTATE                        None                                No                                  ---              ---            ---             ---             ---          ---           ---                4                  5                 
DEVRST_N             U17  Fixed  DEVRST_N                                                ---       
LED_HEARTBEAT        E18  Yes    MSIO22PB1/GB6/MMUART_1_CLK/GPIO_25_B/USB_DATA4_C        Bank1     LVCMOS33   Output                          TRISTATE                        None                                No                                  ---              ---            ---             ---             ---          ---           ---                4                  5                 
LED_RECORDING        R17  Yes    MSIO5PB2/USB_DATA4_B                                    Bank2     LVCMOS33   Output                          TRISTATE                        None                                No                                  ---              ---            ---             ---             ---          ---           ---                4                  5                 
resetn               P20  Yes    MSIO4PB2/USB_DATA2_B                                    Bank2     LVCMOS33   Output                          TRISTATE                        None                                No                                  ---              ---            ---             ---             ---          ---           ---                4                  5                 
RXSM_LO              M17  Yes    MSIO11NB2/CCC_NE0_CLKI2/I2C_1_SCL/GPIO_1_A/USB_DATA4_A  Bank2     LVCMOS33   Input                           TRISTATE                        Up                                  No                                  Off              ---            ---             Off             Off          ---           ---                ---                ---               
RXSM_SODS            H17  Yes    MSIO19PB2/SPI_0_SS3/GPIO_10_A/USB_DATA7_A               Bank2     LVCMOS33   Input                           TRISTATE                        Up                                  No                                  Off              ---            ---             Off             Off          ---           ---                ---                ---               
RXSM_SOE             G18  Yes    MSIO18NB2/SPI_0_SS2/GPIO_9_A/USB_DATA6_A                Bank2     LVCMOS33   Input                           TRISTATE                        Up                                  No                                  Off              ---            ---             Off             Off          ---           ---                ---                ---               
SPI_DATASTORAGE_CLK  P15  Yes    MSIO12PB2/SPI_0_CLK/USB_XCLK_A                          Bank2     LVCMOS33   Inout                           TRISTATE                        None                                No                                  Off              ---            ---             Off             Off          ---           ---                4                  5                 
SPI_DATASTORAGE_DI   N15  Yes    MSIO12NB2/SPI_0_SDI/GPIO_5_A/USB_DIR_A                  Bank2     LVCMOS33   Input                           TRISTATE                        None                                No                                  Off              ---            ---             Off             Off          ---           ---                ---                ---               
SPI_DATASTORAGE_DO   L20  Yes    MSIO13PB2/SPI_0_SDO/GPIO_6_A/USB_STP_A                  Bank2     LVCMOS33   Output                          TRISTATE                        None                                No                                  ---              ---            ---             ---             ---          ---           ---                4                  5                 
SPI_DATASTORAGE_SS0  L19  Yes    MSIO13NB2/SPI_0_SS0/GPIO_7_A/USB_NXT_A                  Bank2     LVCMOS33   Inout                           TRISTATE                        None                                No                                  Off              ---            ---             Off             Off          ---           ---                4                  5                 
stamp0_ready_dms1    V20  Yes    MSIO0PB2                                                Bank2     LVCMOS33   Input                           TRISTATE                        None                                No                                  Off              ---            ---             Off             Off          ---           ---                ---                ---               
stamp0_ready_dms2    V19  Yes    MSIO0NB2/USB_DATA7_B                                    Bank2     LVCMOS33   Input                           TRISTATE                        None                                No                                  Off              ---            ---             Off             Off          ---           ---                ---                ---               
stamp0_ready_temp    T19  Yes    MSIO2NB2/USB_NXT_B                                      Bank2     LVCMOS33   Input                           TRISTATE                        None                                No                                  Off              ---            ---             Off             Off          ---           ---                ---                ---               
stamp0_spi_clock     R20  Yes    MSIO3NB2/USB_DATA1_B                                    Bank2     LVCMOS33   Output                          TRISTATE                        None                                No                                  ---              ---            ---             ---             ---          ---           ---                4                  5                 
stamp0_spi_dms1_cs   H19  Yes    MSIO18PB2/SPI_0_SS1/GPIO_8_A/USB_DATA5_A                Bank2     LVCMOS33   Output                          TRISTATE                        None                                No                                  ---              ---            ---             ---             ---          ---           ---                4                  5                 
stamp0_spi_dms2_cs   A20  Yes    MSIO28PB1/I2C_0_SDA/GPIO_30_B/USB_DATA0_C               Bank1     LVCMOS33   Output                          TRISTATE                        None                                No                                  ---              ---            ---             ---             ---          ---           ---                4                  5                 
stamp0_spi_miso      N20  Yes    MSIO8PB2/CAN_RX/GPIO_3_A/USB_DATA1_A                    Bank2     LVCMOS33   Input                           TRISTATE                        None                                No                                  Off              ---            ---             Off             Off          ---           ---                ---                ---               
stamp0_spi_mosi      M19  Yes    MSIO8NB2/CAN_TX_EN_N/GPIO_4_A/USB_DATA2_A               Bank2     LVCMOS33   Output                          TRISTATE                        None                                No                                  ---              ---            ---             ---             ---          ---           ---                4                  5                 
stamp0_spi_temp_cs   A19  Yes    MSIO28NB1/I2C_0_SCL/GPIO_31_B/USB_DATA1_C               Bank1     LVCMOS33   Output                          TRISTATE                        None                                No                                  ---              ---            ---             ---             ---          ---           ---                4                  5                 
TM_RX                F18  Yes    MSIO22NB1/MMUART_1_RXD/GPIO_26_B/USB_DATA3_C            Bank1     LVCMOS33   Input                           TRISTATE                        None                                No                                  Off              ---            ---             Off             Off          ---           ---                ---                ---               
TM_TX                G16  Yes    MSIO21NB1/MMUART_1_TXD/GPIO_24_B/USB_DATA2_C            Bank1     LVCMOS33   Output                          TRISTATE                        None                                No                                  ---              ---            ---             ---             ---          ---           ---                4                  5                 
