Resource Usage Report for sb 

Mapping to part: m2s010vf400std
Cell usage:
CCC             1 use
CLKINT          1 use
MSS_010         1 use
RCOSC_25_50MHZ  1 use
CFG2           2 uses
CFG3           2 uses
CFG4           35 uses


Sequential Cells: 
SLE            0 uses

DSP Blocks:    0 of 22 (0%)

I/O ports: 21
I/O primitives: 16
BIBUF          2 uses
INBUF          4 uses
OUTBUF         7 uses
TRIBUFF        3 uses


Global Clock Buffers: 1

Total LUTs:    39

Extra resources required for RAM and MACC interface logic during P&R:

RAM64x18 Interface Logic : SLEs = 0; LUTs = 0;
RAM1K18  Interface Logic : SLEs = 0; LUTs = 0;
MACC     Interface Logic : SLEs = 0; LUTs = 0;

Total number of SLEs after P&R:  0 + 0 + 0 + 0 = 0;
Total number of LUTs after P&R:  39 + 0 + 0 + 0 = 39;

