Software Version: 12.900.20.24
Programmer: 'E2002BYK6C' : JTAG TCK / SPI SCK frequency = 1 MHz
programmer 'E2002BYK6C' : FlashPro5
Opened 'C:\Users\jl\source\repos\hermess\hermess-MicroController\designer\sb\sb_fp\sb.pro'
The 'open_project' command succeeded.
Warning: Programming is already enabled for device 'M2S010'.
The 'enable_device' command succeeded.
PPD file 'C:/Users/jl/source/repos/hermess/hermess-MicroController/designer/sb/sb.ppd' has been loaded successfully.
DESIGN : sb;  CHECKSUM : E17A;  PDB_VERSION : 1.0
The 'set_programming_file' command succeeded.
The 'set_programming_action' command succeeded.
programmer 'E2002BYK6C' : Scan Chain...
Programmer: 'E2002BYK6C' : JTAG TCK / SPI SCK frequency = 1 MHz
programmer 'E2002BYK6C' : Check Chain...
programmer 'E2002BYK6C' : Scan and Check Chain PASSED.
programmer 'E2002BYK6C' : device 'M2S010' : Executing action PROGRAM
Programmer: 'E2002BYK6C' : JTAG TCK / SPI SCK frequency = 4 MHz
programmer 'E2002BYK6C' : device 'M2S010' : Family: Igloo2
programmer 'E2002BYK6C' : device 'M2S010' : Product:      M2GL005
programmer 'E2002BYK6C' : device 'M2S010' : Cortex-M3 Disabled (M3_ALLOWED = 0)
programmer 'E2002BYK6C' : device 'M2S010' : EXPORT ISC_ENABLE_RESULT[32] = 007c6944
programmer 'E2002BYK6C' : device 'M2S010' : EXPORT CRCERR[1] = 0
programmer 'E2002BYK6C' : device 'M2S010' : EXPORT EDCERR[1] = 0
programmer 'E2002BYK6C' : device 'M2S010' : Programming FPGA Array and eNVM...
programmer 'E2002BYK6C' : device 'M2S010' : EXPORT Fabric component digest[256] = 3b8fb50f783c7195cba483dbe026d4149ce396b27da8d241dea9e931ba8ba04e
programmer 'E2002BYK6C' : device 'M2S010' : EXPORT eNVM component digest[256] = ff704ac11501b7189267c65eeaede89c1cce5ddbed58ff5af391584086b7b358
programmer 'E2002BYK6C' : device 'M2S010' : ===================================================================================
programmer 'E2002BYK6C' : device 'M2S010' : EXPORT DSN[128] = 2def6b77b387403aed022579b60dd593
programmer 'E2002BYK6C' : device 'M2S010' : ===================================================================================
programmer 'E2002BYK6C' : device 'M2S010' : Finished: Fri Mar  5 23:26:51 2021 (Elapsed time 00:01:02)
programmer 'E2002BYK6C' : device 'M2S010' : Executing action PROGRAM PASSED.
programmer 'E2002BYK6C' : Chain programming PASSED.
Chain Programming Finished: Fri Mar  5 23:26:51 2021 (Elapsed time 00:01:02)

                        o - o - o - o - o - o

The 'run_selected_actions' command succeeded.
Project saved.
The 'save_project' command succeeded.
Project closed.
Exported log file C:\Users\jl\source\repos\hermess\hermess-MicroController\designer\sb\sb_fp\sb.log.
The 'close_project' command succeeded.
The Execute Script command succeeded.
